2025-03-03 15:11:22,707 [ERROR] game_engine: Error dealing cards: Not enough cards to deal 2 cards
2025-03-03 15:11:22,707 [ERROR] game_engine: Error dealing cards: Not enough cards to deal 2 cards
2025-03-03 15:11:22,707 [ERROR] game_engine: Error dealing cards: Not enough cards to deal 2 cards
2025-03-03 15:15:40,643 [ERROR] game_engine: Error dealing cards: Not enough cards to deal 2 cards
2025-03-03 15:15:40,643 [ERROR] game_engine: Error dealing cards: Not enough cards to deal 2 cards
2025-03-03 15:15:40,643 [ERROR] game_engine: Error dealing cards: Not enough cards to deal 2 cards
2025-03-03 15:15:40,643 [ERROR] game_engine: Error dealing cards: Not enough cards to deal 2 cards
2025-03-03 15:15:40,643 [ERROR] game_engine: Error dealing cards: Not enough cards to deal 2 cards
2025-03-03 15:15:40,643 [ERROR] game_engine: Error dealing cards: Not enough cards to deal 2 cards
2025-03-03 15:15:40,643 [ERROR] game_engine: Error dealing cards: Not enough cards to deal 2 cards
2025-03-03 15:15:40,643 [ERROR] game_engine: Error dealing cards: Not enough cards to deal 2 cards
2025-03-03 15:15:40,643 [ERROR] game_engine: Error dealing cards: Not enough cards to deal 2 cards
2025-03-03 15:15:40,643 [ERROR] game_engine: Error dealing cards: Not enough cards to deal 2 cards
2025-03-03 15:15:40,644 [ERROR] game_engine: Error dealing cards: Not enough cards to deal 2 cards
2025-03-03 15:15:40,644 [ERROR] game_engine: Error dealing cards: Not enough cards to deal 2 cards
2025-03-03 15:15:40,644 [ERROR] game_engine: Error dealing cards: Not enough cards to deal 2 cards
2025-03-03 15:15:40,644 [ERROR] game_engine: Error dealing cards: Not enough cards to deal 2 cards
2025-03-03 15:15:40,644 [ERROR] game_engine: Error dealing cards: Not enough cards to deal 2 cards
2025-03-03 15:15:40,644 [ERROR] game_engine: Error dealing cards: Not enough cards to deal 2 cards
2025-03-03 15:15:40,644 [ERROR] game_engine: Error dealing cards: Not enough cards to deal 2 cards
2025-03-03 15:15:40,644 [ERROR] game_engine: Error dealing cards: Not enough cards to deal 2 cards
2025-03-03 15:15:40,644 [ERROR] game_engine: Error dealing cards: Not enough cards to deal 2 cards
2025-03-03 15:15:40,644 [ERROR] game_engine: Error dealing cards: Not enough cards to deal 2 cards
2025-03-03 15:15:40,644 [ERROR] game_engine: Error dealing cards: Not enough cards to deal 2 cards
2025-03-03 15:15:40,644 [ERROR] game_engine: Error dealing cards: Not enough cards to deal 2 cards
2025-03-03 15:15:40,644 [ERROR] game_engine: Error dealing cards: Not enough cards to deal 2 cards
2025-03-03 15:15:40,644 [ERROR] game_engine: Error dealing cards: Not enough cards to deal 2 cards
2025-03-03 15:15:49,701 [ERROR] game_engine: Error dealing cards: Not enough cards to deal 2 cards
2025-03-03 15:15:49,701 [ERROR] game_engine: Error dealing cards: Not enough cards to deal 2 cards
2025-03-03 15:15:49,701 [ERROR] game_engine: Error dealing cards: Not enough cards to deal 2 cards
2025-03-06 10:28:38,678 [ERROR] game.poker_game: Error dealing cards: Not enough cards to deal 2 cards
2025-03-06 10:28:38 - game.poker_game - ERROR - Error dealing cards: Not enough cards to deal 2 cards
2025-03-06 10:28:38,678 [ERROR] game.poker_game: Error dealing cards: Not enough cards to deal 2 cards
2025-03-06 10:28:38 - game.poker_game - ERROR - Error dealing cards: Not enough cards to deal 2 cards
2025-03-06 10:28:38,678 [ERROR] game.poker_game: Error dealing cards: Not enough cards to deal 2 cards
2025-03-06 10:28:38 - game.poker_game - ERROR - Error dealing cards: Not enough cards to deal 2 cards
2025-03-06 10:28:38,678 [ERROR] game.poker_game: Error dealing cards: Not enough cards to deal 2 cards
2025-03-06 10:28:38 - game.poker_game - ERROR - Error dealing cards: Not enough cards to deal 2 cards
2025-03-06 10:28:38,678 [ERROR] game.poker_game: Error dealing cards: Not enough cards to deal 2 cards
2025-03-06 10:28:38 - game.poker_game - ERROR - Error dealing cards: Not enough cards to deal 2 cards
2025-03-06 10:28:38,678 [ERROR] game.poker_game: Error dealing cards: Not enough cards to deal 2 cards
2025-03-06 10:28:38 - game.poker_game - ERROR - Error dealing cards: Not enough cards to deal 2 cards
2025-03-06 10:28:38,678 [ERROR] game.poker_game: Error dealing cards: Not enough cards to deal 2 cards
2025-03-06 10:28:38 - game.poker_game - ERROR - Error dealing cards: Not enough cards to deal 2 cards
2025-03-06 10:28:38,678 [ERROR] game.poker_game: Error dealing cards: Not enough cards to deal 2 cards
2025-03-06 10:28:38 - game.poker_game - ERROR - Error dealing cards: Not enough cards to deal 2 cards
2025-03-06 10:28:38,678 [ERROR] game.poker_game: Error dealing cards: Not enough cards to deal 2 cards
2025-03-06 10:28:38 - game.poker_game - ERROR - Error dealing cards: Not enough cards to deal 2 cards
2025-03-06 10:28:38,678 [ERROR] game.poker_game: Error dealing cards: Not enough cards to deal 2 cards
2025-03-06 10:28:38 - game.poker_game - ERROR - Error dealing cards: Not enough cards to deal 2 cards
2025-03-06 10:28:38,678 [ERROR] game.poker_game: Error dealing cards: Not enough cards to deal 2 cards
2025-03-06 10:28:38 - game.poker_game - ERROR - Error dealing cards: Not enough cards to deal 2 cards
2025-03-06 10:28:38,678 [ERROR] game.poker_game: Error dealing cards: Not enough cards to deal 2 cards
2025-03-06 10:28:38 - game.poker_game - ERROR - Error dealing cards: Not enough cards to deal 2 cards
2025-03-06 10:28:38,679 [ERROR] game.poker_game: Error dealing cards: Not enough cards to deal 2 cards
2025-03-06 10:28:38 - game.poker_game - ERROR - Error dealing cards: Not enough cards to deal 2 cards
2025-03-06 10:28:38,679 [ERROR] game.poker_game: Error dealing cards: Not enough cards to deal 2 cards
2025-03-06 10:28:38 - game.poker_game - ERROR - Error dealing cards: Not enough cards to deal 2 cards
2025-03-06 10:28:38,679 [ERROR] game.poker_game: Error dealing cards: Not enough cards to deal 2 cards
2025-03-06 10:28:38 - game.poker_game - ERROR - Error dealing cards: Not enough cards to deal 2 cards
2025-03-06 10:28:38,679 [ERROR] game.poker_game: Error dealing cards: Not enough cards to deal 2 cards
2025-03-06 10:28:38 - game.poker_game - ERROR - Error dealing cards: Not enough cards to deal 2 cards
2025-03-06 10:28:38,679 [ERROR] game.poker_game: Error dealing cards: Not enough cards to deal 2 cards
2025-03-06 10:28:38 - game.poker_game - ERROR - Error dealing cards: Not enough cards to deal 2 cards
2025-03-06 10:28:38,679 [ERROR] game.poker_game: Error dealing cards: Not enough cards to deal 2 cards
2025-03-06 10:28:38 - game.poker_game - ERROR - Error dealing cards: Not enough cards to deal 2 cards
2025-03-06 10:28:38,679 [ERROR] game.poker_game: Error dealing cards: Not enough cards to deal 2 cards
2025-03-06 10:28:38 - game.poker_game - ERROR - Error dealing cards: Not enough cards to deal 2 cards
2025-03-06 10:28:38,679 [ERROR] game.poker_game: Error dealing cards: Not enough cards to deal 2 cards
2025-03-06 10:28:38 - game.poker_game - ERROR - Error dealing cards: Not enough cards to deal 2 cards
2025-03-06 10:28:38,679 [ERROR] game.poker_game: Error dealing cards: Not enough cards to deal 2 cards
2025-03-06 10:28:38 - game.poker_game - ERROR - Error dealing cards: Not enough cards to deal 2 cards
2025-03-06 10:28:38,679 [ERROR] game.poker_game: Error dealing cards: Not enough cards to deal 2 cards
2025-03-06 10:28:38 - game.poker_game - ERROR - Error dealing cards: Not enough cards to deal 2 cards
2025-03-06 10:28:38,679 [ERROR] game.poker_game: Error dealing cards: Not enough cards to deal 2 cards
2025-03-06 10:28:38 - game.poker_game - ERROR - Error dealing cards: Not enough cards to deal 2 cards
2025-03-06 10:28:38,679 [ERROR] game.poker_game: Error dealing cards: Not enough cards to deal 2 cards
2025-03-06 10:28:38 - game.poker_game - ERROR - Error dealing cards: Not enough cards to deal 2 cards
2025-03-06 10:36:07 - game.poker_game - ERROR - Error dealing cards: Not enough cards to deal 2 cards
2025-03-06 10:36:07 - game.poker_game - ERROR - Error dealing cards: Not enough cards to deal 2 cards
2025-03-06 10:36:07 - game.poker_game - ERROR - Error dealing cards: Not enough cards to deal 2 cards
2025-03-06 10:36:07 - game.poker_game - ERROR - Error dealing cards: Not enough cards to deal 2 cards
2025-03-06 10:36:07 - game.poker_game - ERROR - Error dealing cards: Not enough cards to deal 2 cards
2025-03-06 10:36:07 - game.poker_game - ERROR - Error dealing cards: Not enough cards to deal 2 cards
2025-03-06 10:36:07 - game.poker_game - ERROR - Error dealing cards: Not enough cards to deal 2 cards
2025-03-06 10:36:07 - game.poker_game - ERROR - Error dealing cards: Not enough cards to deal 2 cards
2025-03-06 10:36:07 - game.poker_game - ERROR - Error dealing cards: Not enough cards to deal 2 cards
2025-03-06 10:36:07 - game.poker_game - ERROR - Error dealing cards: Not enough cards to deal 2 cards
2025-03-06 10:36:07 - game.poker_game - ERROR - Error dealing cards: Not enough cards to deal 2 cards
2025-03-06 10:36:07 - game.poker_game - ERROR - Error dealing cards: Not enough cards to deal 2 cards
2025-03-06 10:36:07 - game.poker_game - ERROR - Error dealing cards: Not enough cards to deal 2 cards
2025-03-06 10:36:07 - game.poker_game - ERROR - Error dealing cards: Not enough cards to deal 2 cards
2025-03-06 10:36:07 - game.poker_game - ERROR - Error dealing cards: Not enough cards to deal 2 cards
2025-03-06 10:36:07 - game.poker_game - ERROR - Error dealing cards: Not enough cards to deal 2 cards
2025-03-06 10:36:07 - game.poker_game - ERROR - Error dealing cards: Not enough cards to deal 2 cards
2025-03-06 10:36:07 - game.poker_game - ERROR - Error dealing cards: Not enough cards to deal 2 cards
2025-03-06 10:36:07 - game.poker_game - ERROR - Error dealing cards: Not enough cards to deal 2 cards
2025-03-06 10:36:07 - game.poker_game - ERROR - Error dealing cards: Not enough cards to deal 2 cards
2025-03-06 10:36:07 - game.poker_game - ERROR - Error dealing cards: Not enough cards to deal 2 cards
2025-03-06 10:36:07 - game.poker_game - ERROR - Error dealing cards: Not enough cards to deal 2 cards
2025-03-06 10:36:07 - game.poker_game - ERROR - Error dealing cards: Not enough cards to deal 2 cards
2025-03-06 10:36:07 - game.poker_game - ERROR - Error dealing cards: Not enough cards to deal 2 cards
2025-03-06 11:05:06 - game.poker_game - ERROR - Error dealing cards: Not enough cards to deal 2 cards
2025-03-06 11:05:06 - game.poker_game - ERROR - Error dealing cards: Not enough cards to deal 2 cards
2025-03-06 11:05:06 - game.poker_game - ERROR - Error dealing cards: Not enough cards to deal 2 cards
2025-03-06 11:05:06 - game.poker_game - ERROR - Error dealing cards: Not enough cards to deal 2 cards
2025-03-06 11:05:06 - game.poker_game - ERROR - Error dealing cards: Not enough cards to deal 2 cards
2025-03-06 11:05:06 - game.poker_game - ERROR - Error dealing cards: Not enough cards to deal 2 cards
2025-03-06 11:05:06 - game.poker_game - ERROR - Error dealing cards: Not enough cards to deal 2 cards
2025-03-06 11:05:06 - game.poker_game - ERROR - Error dealing cards: Not enough cards to deal 2 cards
2025-03-06 11:05:06 - game.poker_game - ERROR - Error dealing cards: Not enough cards to deal 2 cards
2025-03-06 11:05:06 - game.poker_game - ERROR - Error dealing cards: Not enough cards to deal 2 cards
2025-03-06 11:05:06 - game.poker_game - ERROR - Error dealing cards: Not enough cards to deal 2 cards
2025-03-06 11:05:06 - game.poker_game - ERROR - Error dealing cards: Not enough cards to deal 2 cards
2025-03-06 11:05:06 - game.poker_game - ERROR - Error dealing cards: Not enough cards to deal 2 cards
2025-03-06 11:05:06 - game.poker_game - ERROR - Error dealing cards: Not enough cards to deal 2 cards
2025-03-06 11:05:06 - game.poker_game - ERROR - Error dealing cards: Not enough cards to deal 2 cards
2025-03-06 11:05:06 - game.poker_game - ERROR - Error dealing cards: Not enough cards to deal 2 cards
2025-03-06 11:05:06 - game.poker_game - ERROR - Error dealing cards: Not enough cards to deal 2 cards
2025-03-06 11:05:06 - game.poker_game - ERROR - Error dealing cards: Not enough cards to deal 2 cards
2025-03-06 11:05:06 - game.poker_game - ERROR - Error dealing cards: Not enough cards to deal 2 cards
2025-03-06 11:05:06 - game.poker_game - ERROR - Error dealing cards: Not enough cards to deal 2 cards
2025-03-06 11:05:06 - game.poker_game - ERROR - Error dealing cards: Not enough cards to deal 2 cards
2025-03-06 11:05:06 - game.poker_game - ERROR - Error dealing cards: Not enough cards to deal 2 cards
2025-03-06 11:05:06 - game.poker_game - ERROR - Error dealing cards: Not enough cards to deal 2 cards
2025-03-06 11:05:06 - game.poker_game - ERROR - Error dealing cards: Not enough cards to deal 2 cards
2025-03-06 14:46:17 - game.poker_game - ERROR - Error dealing cards: Not enough cards to deal 2 cards
2025-03-06 14:46:17 - game.poker_game - ERROR - Error dealing cards: Not enough cards to deal 2 cards
2025-03-06 14:46:17 - game.poker_game - ERROR - Error dealing cards: Not enough cards to deal 2 cards
2025-03-06 14:46:17 - game.poker_game - ERROR - Error dealing cards: Not enough cards to deal 2 cards
2025-03-06 14:46:17 - game.poker_game - ERROR - Error dealing cards: Not enough cards to deal 2 cards
2025-03-06 14:46:17 - game.poker_game - ERROR - Error dealing cards: Not enough cards to deal 2 cards
2025-03-06 14:46:17 - game.poker_game - ERROR - Error dealing cards: Not enough cards to deal 2 cards
2025-03-06 14:46:17 - game.poker_game - ERROR - Error dealing cards: Not enough cards to deal 2 cards
2025-03-06 14:46:17 - game.poker_game - ERROR - Error dealing cards: Not enough cards to deal 2 cards
2025-03-06 14:46:17 - game.poker_game - ERROR - Error dealing cards: Not enough cards to deal 2 cards
2025-03-06 14:46:17 - game.poker_game - ERROR - Error dealing cards: Not enough cards to deal 2 cards
2025-03-06 14:46:17 - game.poker_game - ERROR - Error dealing cards: Not enough cards to deal 2 cards
2025-03-06 14:46:17 - game.poker_game - ERROR - Error dealing cards: Not enough cards to deal 2 cards
2025-03-06 14:46:17 - game.poker_game - ERROR - Error dealing cards: Not enough cards to deal 2 cards
2025-03-06 14:46:17 - game.poker_game - ERROR - Error dealing cards: Not enough cards to deal 2 cards
2025-03-06 14:46:17 - game.poker_game - ERROR - Error dealing cards: Not enough cards to deal 2 cards
2025-03-06 14:46:17 - game.poker_game - ERROR - Error dealing cards: Not enough cards to deal 2 cards
2025-03-06 14:46:17 - game.poker_game - ERROR - Error dealing cards: Not enough cards to deal 2 cards
2025-03-06 14:46:17 - game.poker_game - ERROR - Error dealing cards: Not enough cards to deal 2 cards
2025-03-06 14:46:17 - game.poker_game - ERROR - Error dealing cards: Not enough cards to deal 2 cards
2025-03-06 14:46:17 - game.poker_game - ERROR - Error dealing cards: Not enough cards to deal 2 cards
2025-03-06 14:46:17 - game.poker_game - ERROR - Error dealing cards: Not enough cards to deal 2 cards
2025-03-06 14:46:17 - game.poker_game - ERROR - Error dealing cards: Not enough cards to deal 2 cards
2025-03-06 14:46:17 - game.poker_game - ERROR - Error dealing cards: Not enough cards to deal 2 cards
2025-03-06 18:32:40 - game.poker_game - ERROR - Error dealing cards: Not enough cards to deal 2 cards
2025-03-06 18:32:40 - game.poker_game - ERROR - Error dealing cards: Not enough cards to deal 2 cards
2025-03-06 18:32:40 - game.poker_game - ERROR - Error dealing cards: Not enough cards to deal 2 cards
2025-03-06 18:32:40 - game.poker_game - ERROR - Error dealing cards: Not enough cards to deal 2 cards
2025-03-06 18:32:40 - game.poker_game - ERROR - Error dealing cards: Not enough cards to deal 2 cards
2025-03-06 18:32:40 - game.poker_game - ERROR - Error dealing cards: Not enough cards to deal 2 cards
2025-03-06 18:32:40 - game.poker_game - ERROR - Error dealing cards: Not enough cards to deal 2 cards
2025-03-06 18:32:40 - game.poker_game - ERROR - Error dealing cards: Not enough cards to deal 2 cards
2025-03-06 18:32:40 - game.poker_game - ERROR - Error dealing cards: Not enough cards to deal 2 cards
2025-03-06 18:32:40 - game.poker_game - ERROR - Error dealing cards: Not enough cards to deal 2 cards
2025-03-06 18:32:40 - game.poker_game - ERROR - Error dealing cards: Not enough cards to deal 2 cards
2025-03-06 18:32:40 - game.poker_game - ERROR - Error dealing cards: Not enough cards to deal 2 cards
2025-03-06 18:32:40 - game.poker_game - ERROR - Error dealing cards: Not enough cards to deal 2 cards
2025-03-06 18:32:40 - game.poker_game - ERROR - Error dealing cards: Not enough cards to deal 2 cards
2025-03-06 18:32:40 - game.poker_game - ERROR - Error dealing cards: Not enough cards to deal 2 cards
2025-03-06 18:32:40 - game.poker_game - ERROR - Error dealing cards: Not enough cards to deal 2 cards
2025-03-06 18:32:40 - game.poker_game - ERROR - Error dealing cards: Not enough cards to deal 2 cards
2025-03-06 18:32:40 - game.poker_game - ERROR - Error dealing cards: Not enough cards to deal 2 cards
2025-03-06 18:32:40 - game.poker_game - ERROR - Error dealing cards: Not enough cards to deal 2 cards
2025-03-06 18:32:40 - game.poker_game - ERROR - Error dealing cards: Not enough cards to deal 2 cards
2025-03-06 18:32:40 - game.poker_game - ERROR - Error dealing cards: Not enough cards to deal 2 cards
2025-03-06 18:32:40 - game.poker_game - ERROR - Error dealing cards: Not enough cards to deal 2 cards
2025-03-06 18:32:40 - game.poker_game - ERROR - Error dealing cards: Not enough cards to deal 2 cards
2025-03-06 18:32:40 - game.poker_game - ERROR - Error dealing cards: Not enough cards to deal 2 cards
2025-03-10 15:35:45 - game_service - ERROR - Error processing action: Raise amount must be at least 20
2025-03-11 11:01:35 - ai.manager - ERROR - Unknown personality type: RiskTaker
2025-03-11 11:01:35 - game_service - ERROR - Error processing action: Unknown personality type: RiskTaker
2025-03-12 15:38:44 - game.poker_game - ERROR - Error dealing cards: Not enough cards to deal 2 cards
2025-03-12 15:38:44 - game.poker_game - ERROR - Error dealing cards: Not enough cards to deal 2 cards
2025-03-12 15:38:44 - game.poker_game - ERROR - Error dealing cards: Not enough cards to deal 2 cards
2025-03-12 15:38:44 - game.poker_game - ERROR - Error dealing cards: Not enough cards to deal 2 cards
2025-03-12 15:38:44 - game.poker_game - ERROR - Error dealing cards: Not enough cards to deal 2 cards
2025-03-12 15:38:44 - game.poker_game - ERROR - Error dealing cards: Not enough cards to deal 2 cards
2025-03-12 15:38:44 - game.poker_game - ERROR - Error dealing cards: Not enough cards to deal 2 cards
2025-03-12 15:38:44 - game.poker_game - ERROR - Error dealing cards: Not enough cards to deal 2 cards
2025-03-12 15:38:44 - game.poker_game - ERROR - Error dealing cards: Not enough cards to deal 2 cards
2025-03-12 15:38:44 - game.poker_game - ERROR - Error dealing cards: Not enough cards to deal 2 cards
2025-03-12 15:38:44 - game.poker_game - ERROR - Error dealing cards: Not enough cards to deal 2 cards
2025-03-12 15:38:44 - game.poker_game - ERROR - Error dealing cards: Not enough cards to deal 2 cards
2025-03-12 15:38:44 - game.poker_game - ERROR - Error dealing cards: Not enough cards to deal 2 cards
2025-03-12 15:38:44 - game.poker_game - ERROR - Error dealing cards: Not enough cards to deal 2 cards
2025-03-12 15:38:44 - game.poker_game - ERROR - Error dealing cards: Not enough cards to deal 2 cards
2025-03-12 15:38:44 - game.poker_game - ERROR - Error dealing cards: Not enough cards to deal 2 cards
2025-03-12 15:38:44 - game.poker_game - ERROR - Error dealing cards: Not enough cards to deal 2 cards
2025-03-12 15:38:44 - game.poker_game - ERROR - Error dealing cards: Not enough cards to deal 2 cards
2025-03-12 15:38:44 - game.poker_game - ERROR - Error dealing cards: Not enough cards to deal 2 cards
2025-03-12 15:38:44 - game.poker_game - ERROR - Error dealing cards: Not enough cards to deal 2 cards
2025-03-12 15:38:44 - game.poker_game - ERROR - Error dealing cards: Not enough cards to deal 2 cards
2025-03-12 15:38:44 - game.poker_game - ERROR - Error dealing cards: Not enough cards to deal 2 cards
2025-03-12 15:38:44 - game.poker_game - ERROR - Error dealing cards: Not enough cards to deal 2 cards
2025-03-12 15:38:44 - game.poker_game - ERROR - Error dealing cards: Not enough cards to deal 2 cards
2025-03-12 15:48:11 - game.poker_game - ERROR - Error dealing cards: Not enough cards to deal 2 cards
2025-03-12 15:48:11 - game.poker_game - ERROR - Error dealing cards: Not enough cards to deal 2 cards
2025-03-12 15:48:11 - game.poker_game - ERROR - Error dealing cards: Not enough cards to deal 2 cards
2025-03-12 15:48:11 - game.poker_game - ERROR - Error dealing cards: Not enough cards to deal 2 cards
2025-03-12 15:48:11 - game.poker_game - ERROR - Error dealing cards: Not enough cards to deal 2 cards
2025-03-12 15:48:11 - game.poker_game - ERROR - Error dealing cards: Not enough cards to deal 2 cards
2025-03-12 15:48:11 - game.poker_game - ERROR - Error dealing cards: Not enough cards to deal 2 cards
2025-03-12 15:48:11 - game.poker_game - ERROR - Error dealing cards: Not enough cards to deal 2 cards
2025-03-12 15:48:11 - game.poker_game - ERROR - Error dealing cards: Not enough cards to deal 2 cards
2025-03-12 15:48:11 - game.poker_game - ERROR - Error dealing cards: Not enough cards to deal 2 cards
2025-03-12 15:48:11 - game.poker_game - ERROR - Error dealing cards: Not enough cards to deal 2 cards
2025-03-12 15:48:11 - game.poker_game - ERROR - Error dealing cards: Not enough cards to deal 2 cards
2025-03-12 15:48:11 - game.poker_game - ERROR - Error dealing cards: Not enough cards to deal 2 cards
2025-03-12 15:48:11 - game.poker_game - ERROR - Error dealing cards: Not enough cards to deal 2 cards
2025-03-12 15:48:11 - game.poker_game - ERROR - Error dealing cards: Not enough cards to deal 2 cards
2025-03-12 15:48:11 - game.poker_game - ERROR - Error dealing cards: Not enough cards to deal 2 cards
2025-03-12 15:48:11 - game.poker_game - ERROR - Error dealing cards: Not enough cards to deal 2 cards
2025-03-12 15:48:11 - game.poker_game - ERROR - Error dealing cards: Not enough cards to deal 2 cards
2025-03-12 15:48:11 - game.poker_game - ERROR - Error dealing cards: Not enough cards to deal 2 cards
2025-03-12 15:48:11 - game.poker_game - ERROR - Error dealing cards: Not enough cards to deal 2 cards
2025-03-12 15:48:11 - game.poker_game - ERROR - Error dealing cards: Not enough cards to deal 2 cards
2025-03-12 15:48:11 - game.poker_game - ERROR - Error dealing cards: Not enough cards to deal 2 cards
2025-03-12 15:48:11 - game.poker_game - ERROR - Error dealing cards: Not enough cards to deal 2 cards
2025-03-12 15:48:11 - game.poker_game - ERROR - Error dealing cards: Not enough cards to deal 2 cards
2025-03-12 16:16:08 - game_service - ERROR - Error processing action: Raise amount must be at least 40
2025-03-13 10:36:25 - game_service - ERROR - Error processing action: Raise amount must be at least 40
2025-03-13 10:58:12 - game.poker_game - ERROR - Error dealing cards: Not enough cards to deal 2 cards
2025-03-13 10:58:12 - game.poker_game - ERROR - Error dealing cards: Not enough cards to deal 2 cards
2025-03-13 10:58:12 - game.poker_game - ERROR - Error dealing cards: Not enough cards to deal 2 cards
2025-03-13 10:58:12 - game.poker_game - ERROR - Error dealing cards: Not enough cards to deal 2 cards
2025-03-13 10:58:12 - game.poker_game - ERROR - Error dealing cards: Not enough cards to deal 2 cards
2025-03-13 10:58:12 - game.poker_game - ERROR - Error dealing cards: Not enough cards to deal 2 cards
2025-03-13 10:58:12 - game.poker_game - ERROR - Error dealing cards: Not enough cards to deal 2 cards
2025-03-13 10:58:12 - game.poker_game - ERROR - Error dealing cards: Not enough cards to deal 2 cards
2025-03-13 10:58:12 - game.poker_game - ERROR - Error dealing cards: Not enough cards to deal 2 cards
2025-03-13 10:58:12 - game.poker_game - ERROR - Error dealing cards: Not enough cards to deal 2 cards
2025-03-13 10:58:12 - game.poker_game - ERROR - Error dealing cards: Not enough cards to deal 2 cards
2025-03-13 10:58:12 - game.poker_game - ERROR - Error dealing cards: Not enough cards to deal 2 cards
2025-03-13 10:58:12 - game.poker_game - ERROR - Error dealing cards: Not enough cards to deal 2 cards
2025-03-13 10:58:12 - game.poker_game - ERROR - Error dealing cards: Not enough cards to deal 2 cards
2025-03-13 10:58:12 - game.poker_game - ERROR - Error dealing cards: Not enough cards to deal 2 cards
2025-03-13 10:58:12 - game.poker_game - ERROR - Error dealing cards: Not enough cards to deal 2 cards
2025-03-13 10:58:12 - game.poker_game - ERROR - Error dealing cards: Not enough cards to deal 2 cards
2025-03-13 10:58:12 - game.poker_game - ERROR - Error dealing cards: Not enough cards to deal 2 cards
2025-03-13 10:58:12 - game.poker_game - ERROR - Error dealing cards: Not enough cards to deal 2 cards
2025-03-13 10:58:12 - game.poker_game - ERROR - Error dealing cards: Not enough cards to deal 2 cards
2025-03-13 10:58:12 - game.poker_game - ERROR - Error dealing cards: Not enough cards to deal 2 cards
2025-03-13 10:58:12 - game.poker_game - ERROR - Error dealing cards: Not enough cards to deal 2 cards
2025-03-13 10:58:12 - game.poker_game - ERROR - Error dealing cards: Not enough cards to deal 2 cards
2025-03-13 10:58:12 - game.poker_game - ERROR - Error dealing cards: Not enough cards to deal 2 cards
2025-03-14 12:36:39 - game.poker_game - ERROR - Error dealing cards: Not enough cards to deal 2 cards
2025-03-14 12:36:39 - game.poker_game - ERROR - Error dealing cards: Not enough cards to deal 2 cards
2025-03-14 12:36:39 - game.poker_game - ERROR - Error dealing cards: Not enough cards to deal 2 cards
2025-03-14 12:36:39 - game.poker_game - ERROR - Error dealing cards: Not enough cards to deal 2 cards
2025-03-14 12:36:39 - game.poker_game - ERROR - Error dealing cards: Not enough cards to deal 2 cards
2025-03-14 12:36:39 - game.poker_game - ERROR - Error dealing cards: Not enough cards to deal 2 cards
2025-03-14 12:36:39 - game.poker_game - ERROR - Error dealing cards: Not enough cards to deal 2 cards
2025-03-14 12:36:39 - game.poker_game - ERROR - Error dealing cards: Not enough cards to deal 2 cards
2025-03-14 12:36:39 - game.poker_game - ERROR - Error dealing cards: Not enough cards to deal 2 cards
2025-03-14 12:36:39 - game.poker_game - ERROR - Error dealing cards: Not enough cards to deal 2 cards
2025-03-14 12:36:39 - game.poker_game - ERROR - Error dealing cards: Not enough cards to deal 2 cards
2025-03-14 12:36:39 - game.poker_game - ERROR - Error dealing cards: Not enough cards to deal 2 cards
2025-03-14 12:36:39 - game.poker_game - ERROR - Error dealing cards: Not enough cards to deal 2 cards
2025-03-14 12:36:39 - game.poker_game - ERROR - Error dealing cards: Not enough cards to deal 2 cards
2025-03-14 12:36:39 - game.poker_game - ERROR - Error dealing cards: Not enough cards to deal 2 cards
2025-03-14 12:36:39 - game.poker_game - ERROR - Error dealing cards: Not enough cards to deal 2 cards
2025-03-14 12:36:39 - game.poker_game - ERROR - Error dealing cards: Not enough cards to deal 2 cards
2025-03-14 12:36:39 - game.poker_game - ERROR - Error dealing cards: Not enough cards to deal 2 cards
2025-03-14 12:36:39 - game.poker_game - ERROR - Error dealing cards: Not enough cards to deal 2 cards
2025-03-14 12:36:39 - game.poker_game - ERROR - Error dealing cards: Not enough cards to deal 2 cards
2025-03-14 12:36:39 - game.poker_game - ERROR - Error dealing cards: Not enough cards to deal 2 cards
2025-03-14 12:36:39 - game.poker_game - ERROR - Error dealing cards: Not enough cards to deal 2 cards
2025-03-14 12:36:39 - game.poker_game - ERROR - Error dealing cards: Not enough cards to deal 2 cards
2025-03-14 12:36:39 - game.poker_game - ERROR - Error dealing cards: Not enough cards to deal 2 cards
2025-03-14 12:38:18 - game.poker_game - ERROR - Error dealing cards: Not enough cards to deal 2 cards
2025-03-14 12:38:18 - game.poker_game - ERROR - Error dealing cards: Not enough cards to deal 2 cards
2025-03-14 12:38:18 - game.poker_game - ERROR - Error dealing cards: Not enough cards to deal 2 cards
2025-03-14 12:38:18 - game.poker_game - ERROR - Error dealing cards: Not enough cards to deal 2 cards
2025-03-14 12:38:18 - game.poker_game - ERROR - Error dealing cards: Not enough cards to deal 2 cards
2025-03-14 12:38:18 - game.poker_game - ERROR - Error dealing cards: Not enough cards to deal 2 cards
2025-03-14 12:38:18 - game.poker_game - ERROR - Error dealing cards: Not enough cards to deal 2 cards
2025-03-14 12:38:18 - game.poker_game - ERROR - Error dealing cards: Not enough cards to deal 2 cards
2025-03-14 12:38:18 - game.poker_game - ERROR - Error dealing cards: Not enough cards to deal 2 cards
2025-03-14 12:38:18 - game.poker_game - ERROR - Error dealing cards: Not enough cards to deal 2 cards
2025-03-14 12:38:18 - game.poker_game - ERROR - Error dealing cards: Not enough cards to deal 2 cards
2025-03-14 12:38:18 - game.poker_game - ERROR - Error dealing cards: Not enough cards to deal 2 cards
2025-03-14 12:38:18 - game.poker_game - ERROR - Error dealing cards: Not enough cards to deal 2 cards
2025-03-14 12:38:18 - game.poker_game - ERROR - Error dealing cards: Not enough cards to deal 2 cards
2025-03-14 12:38:18 - game.poker_game - ERROR - Error dealing cards: Not enough cards to deal 2 cards
2025-03-14 12:38:18 - game.poker_game - ERROR - Error dealing cards: Not enough cards to deal 2 cards
2025-03-14 12:38:18 - game.poker_game - ERROR - Error dealing cards: Not enough cards to deal 2 cards
2025-03-14 12:38:18 - game.poker_game - ERROR - Error dealing cards: Not enough cards to deal 2 cards
2025-03-14 12:38:18 - game.poker_game - ERROR - Error dealing cards: Not enough cards to deal 2 cards
2025-03-14 12:38:18 - game.poker_game - ERROR - Error dealing cards: Not enough cards to deal 2 cards
2025-03-14 12:38:18 - game.poker_game - ERROR - Error dealing cards: Not enough cards to deal 2 cards
2025-03-14 12:38:18 - game.poker_game - ERROR - Error dealing cards: Not enough cards to deal 2 cards
2025-03-14 12:38:18 - game.poker_game - ERROR - Error dealing cards: Not enough cards to deal 2 cards
2025-03-14 12:38:18 - game.poker_game - ERROR - Error dealing cards: Not enough cards to deal 2 cards
2025-03-14 13:20:34 - game_service - ERROR - Error processing action: Player d08500c9-8000-4e86-ab3c-3a79167ab85e has insufficient funds
2025-03-17 16:12:25 - game.poker_game - ERROR - Error dealing cards: Not enough cards to deal 2 cards
2025-03-17 16:12:25 - game.poker_game - ERROR - Error dealing cards: Not enough cards to deal 2 cards
2025-03-17 16:12:25 - game.poker_game - ERROR - Error dealing cards: Not enough cards to deal 2 cards
2025-03-17 16:12:25 - game.poker_game - ERROR - Error dealing cards: Not enough cards to deal 2 cards
2025-03-17 16:12:25 - game.poker_game - ERROR - Error dealing cards: Not enough cards to deal 2 cards
2025-03-17 16:12:25 - game.poker_game - ERROR - Error dealing cards: Not enough cards to deal 2 cards
2025-03-17 16:12:25 - game.poker_game - ERROR - Error dealing cards: Not enough cards to deal 2 cards
2025-03-17 16:12:25 - game.poker_game - ERROR - Error dealing cards: Not enough cards to deal 2 cards
2025-03-17 16:12:25 - game.poker_game - ERROR - Error dealing cards: Not enough cards to deal 2 cards
2025-03-17 16:12:25 - game.poker_game - ERROR - Error dealing cards: Not enough cards to deal 2 cards
2025-03-17 16:12:25 - game.poker_game - ERROR - Error dealing cards: Not enough cards to deal 2 cards
2025-03-17 16:12:25 - game.poker_game - ERROR - Error dealing cards: Not enough cards to deal 2 cards
2025-03-17 16:12:25 - game.poker_game - ERROR - Error dealing cards: Not enough cards to deal 2 cards
2025-03-17 16:12:25 - game.poker_game - ERROR - Error dealing cards: Not enough cards to deal 2 cards
2025-03-17 16:12:25 - game.poker_game - ERROR - Error dealing cards: Not enough cards to deal 2 cards
2025-03-17 16:12:25 - game.poker_game - ERROR - Error dealing cards: Not enough cards to deal 2 cards
2025-03-17 16:12:25 - game.poker_game - ERROR - Error dealing cards: Not enough cards to deal 2 cards
2025-03-17 16:12:25 - game.poker_game - ERROR - Error dealing cards: Not enough cards to deal 2 cards
2025-03-17 16:12:25 - game.poker_game - ERROR - Error dealing cards: Not enough cards to deal 2 cards
2025-03-17 16:12:25 - game.poker_game - ERROR - Error dealing cards: Not enough cards to deal 2 cards
2025-03-17 16:12:25 - game.poker_game - ERROR - Error dealing cards: Not enough cards to deal 2 cards
2025-03-17 16:12:25 - game.poker_game - ERROR - Error dealing cards: Not enough cards to deal 2 cards
2025-03-17 16:12:25 - game.poker_game - ERROR - Error dealing cards: Not enough cards to deal 2 cards
2025-03-17 16:12:25 - game.poker_game - ERROR - Error dealing cards: Not enough cards to deal 2 cards
2025-03-17 17:16:06 - game.poker_game - ERROR - Error dealing cards: Not enough cards to deal 2 cards
2025-03-17 17:16:06 - game.poker_game - ERROR - Error dealing cards: Not enough cards to deal 2 cards
2025-03-17 17:16:06 - game.poker_game - ERROR - Error dealing cards: Not enough cards to deal 2 cards
2025-03-17 17:16:06 - game.poker_game - ERROR - Error dealing cards: Not enough cards to deal 2 cards
2025-03-17 17:16:06 - game.poker_game - ERROR - Error dealing cards: Not enough cards to deal 2 cards
2025-03-17 17:16:06 - game.poker_game - ERROR - Error dealing cards: Not enough cards to deal 2 cards
2025-03-17 17:16:06 - game.poker_game - ERROR - Error dealing cards: Not enough cards to deal 2 cards
2025-03-17 17:16:06 - game.poker_game - ERROR - Error dealing cards: Not enough cards to deal 2 cards
2025-03-17 17:16:06 - game.poker_game - ERROR - Error dealing cards: Not enough cards to deal 2 cards
2025-03-17 17:16:06 - game.poker_game - ERROR - Error dealing cards: Not enough cards to deal 2 cards
2025-03-17 17:16:06 - game.poker_game - ERROR - Error dealing cards: Not enough cards to deal 2 cards
2025-03-17 17:16:06 - game.poker_game - ERROR - Error dealing cards: Not enough cards to deal 2 cards
2025-03-17 17:16:06 - game.poker_game - ERROR - Error dealing cards: Not enough cards to deal 2 cards
2025-03-17 17:16:06 - game.poker_game - ERROR - Error dealing cards: Not enough cards to deal 2 cards
2025-03-17 17:16:06 - game.poker_game - ERROR - Error dealing cards: Not enough cards to deal 2 cards
2025-03-17 17:16:06 - game.poker_game - ERROR - Error dealing cards: Not enough cards to deal 2 cards
2025-03-17 17:16:06 - game.poker_game - ERROR - Error dealing cards: Not enough cards to deal 2 cards
2025-03-17 17:16:06 - game.poker_game - ERROR - Error dealing cards: Not enough cards to deal 2 cards
2025-03-17 17:16:06 - game.poker_game - ERROR - Error dealing cards: Not enough cards to deal 2 cards
2025-03-17 17:16:06 - game.poker_game - ERROR - Error dealing cards: Not enough cards to deal 2 cards
2025-03-17 17:16:06 - game.poker_game - ERROR - Error dealing cards: Not enough cards to deal 2 cards
2025-03-17 17:16:06 - game.poker_game - ERROR - Error dealing cards: Not enough cards to deal 2 cards
2025-03-17 17:16:06 - game.poker_game - ERROR - Error dealing cards: Not enough cards to deal 2 cards
2025-03-17 17:16:06 - game.poker_game - ERROR - Error dealing cards: Not enough cards to deal 2 cards
2025-03-17 17:16:46 - game.poker_game - ERROR - CHIPS ERROR: Total chips before (4000) does not match after (4040)
2025-03-17 17:21:13 - game_service - ERROR - CHIPS CONSERVATION ERROR: Before: 6000, After: 8945, Difference: -2945
2025-03-17 17:21:25 - game_service - ERROR - Error processing action: Player 35609698-6d99-4fad-ae9e-67edcfcb57e6 has insufficient funds
2025-03-18 10:06:48 - game_service - ERROR - CHIPS CONSERVATION ERROR: Before: 5000, After: 8005, Difference: -3005
2025-03-18 10:06:48 - game_service - ERROR - CHIPS ERROR: Total chips changed during blinds posting: 5000 -> 5015
2025-03-18 10:06:48 - game_service - ERROR - CHIPS CONSERVATION ERROR: Total chips changed during new hand setup: 5000 -> 5015
2025-03-18 21:14:06 - game.poker_game - ERROR - Error dealing cards: Not enough cards to deal 2 cards
2025-03-18 21:14:06 - game.poker_game - ERROR - Error dealing cards: Not enough cards to deal 2 cards
2025-03-18 21:14:06 - game.poker_game - ERROR - Error dealing cards: Not enough cards to deal 2 cards
2025-03-18 21:14:06 - game.poker_game - ERROR - Error dealing cards: Not enough cards to deal 2 cards
2025-03-18 21:14:06 - game.poker_game - ERROR - Error dealing cards: Not enough cards to deal 2 cards
2025-03-18 21:14:06 - game.poker_game - ERROR - Error dealing cards: Not enough cards to deal 2 cards
2025-03-18 21:14:06 - game.poker_game - ERROR - Error dealing cards: Not enough cards to deal 2 cards
2025-03-18 21:14:06 - game.poker_game - ERROR - Error dealing cards: Not enough cards to deal 2 cards
2025-03-18 21:14:06 - game.poker_game - ERROR - Error dealing cards: Not enough cards to deal 2 cards
2025-03-18 21:14:06 - game.poker_game - ERROR - Error dealing cards: Not enough cards to deal 2 cards
2025-03-18 21:14:06 - game.poker_game - ERROR - Error dealing cards: Not enough cards to deal 2 cards
2025-03-18 21:14:06 - game.poker_game - ERROR - Error dealing cards: Not enough cards to deal 2 cards
2025-03-18 21:14:06 - game.poker_game - ERROR - Error dealing cards: Not enough cards to deal 2 cards
2025-03-18 21:14:06 - game.poker_game - ERROR - Error dealing cards: Not enough cards to deal 2 cards
2025-03-18 21:14:06 - game.poker_game - ERROR - Error dealing cards: Not enough cards to deal 2 cards
2025-03-18 21:14:06 - game.poker_game - ERROR - Error dealing cards: Not enough cards to deal 2 cards
2025-03-18 21:14:06 - game.poker_game - ERROR - Error dealing cards: Not enough cards to deal 2 cards
2025-03-18 21:14:06 - game.poker_game - ERROR - Error dealing cards: Not enough cards to deal 2 cards
2025-03-18 21:14:06 - game.poker_game - ERROR - Error dealing cards: Not enough cards to deal 2 cards
2025-03-18 21:14:06 - game.poker_game - ERROR - Error dealing cards: Not enough cards to deal 2 cards
2025-03-18 21:14:06 - game.poker_game - ERROR - Error dealing cards: Not enough cards to deal 2 cards
2025-03-18 21:14:06 - game.poker_game - ERROR - Error dealing cards: Not enough cards to deal 2 cards
2025-03-18 21:14:06 - game.poker_game - ERROR - Error dealing cards: Not enough cards to deal 2 cards
2025-03-18 21:14:06 - game.poker_game - ERROR - Error dealing cards: Not enough cards to deal 2 cards
2025-03-18 21:16:40 - game_service - ERROR - Error processing action: Player 3af58d12-ddc6-4bab-b254-ee01e116c3c7 has insufficient funds
2025-03-18 21:23:09 - game_service - ERROR - CHIPS CONSERVATION ERROR: Before: 5000, After: 5100, Difference: -100
2025-03-18 21:30:21 - game_service - ERROR - CHIPS CONSERVATION ERROR: Before: 5000, After: 5040, Difference: -40
2025-03-18 21:33:31 - game_service - ERROR - CHIPS CONSERVATION ERROR: Before: 5000, After: 7980, Difference: -2980
2025-03-18 21:40:22 - game_service - ERROR - CHIPS CONSERVATION ERROR: Before: 5000, After: 7950, Difference: -2950
2025-03-18 21:49:56 - game_service - ERROR - CHIPS CONSERVATION ERROR: Before: 5000, After: 7920, Difference: -2920
2025-03-19 18:07:01 - game.poker_game - ERROR - Error dealing cards: Not enough cards to deal 2 cards
2025-03-19 18:07:01 - game.poker_game - ERROR - Error dealing cards: Not enough cards to deal 2 cards
2025-03-19 18:07:01 - game.poker_game - ERROR - Error dealing cards: Not enough cards to deal 2 cards
2025-03-19 18:07:01 - game.poker_game - ERROR - Error dealing cards: Not enough cards to deal 2 cards
2025-03-19 18:07:01 - game.poker_game - ERROR - Error dealing cards: Not enough cards to deal 2 cards
2025-03-19 18:07:01 - game.poker_game - ERROR - Error dealing cards: Not enough cards to deal 2 cards
2025-03-19 18:07:01 - game.poker_game - ERROR - Error dealing cards: Not enough cards to deal 2 cards
2025-03-19 18:07:01 - game.poker_game - ERROR - Error dealing cards: Not enough cards to deal 2 cards
2025-03-19 18:07:01 - game.poker_game - ERROR - Error dealing cards: Not enough cards to deal 2 cards
2025-03-19 18:07:01 - game.poker_game - ERROR - Error dealing cards: Not enough cards to deal 2 cards
2025-03-19 18:07:01 - game.poker_game - ERROR - Error dealing cards: Not enough cards to deal 2 cards
2025-03-19 18:07:01 - game.poker_game - ERROR - Error dealing cards: Not enough cards to deal 2 cards
2025-03-19 18:07:01 - game.poker_game - ERROR - Error dealing cards: Not enough cards to deal 2 cards
2025-03-19 18:07:01 - game.poker_game - ERROR - Error dealing cards: Not enough cards to deal 2 cards
2025-03-19 18:07:01 - game.poker_game - ERROR - Error dealing cards: Not enough cards to deal 2 cards
2025-03-19 18:07:01 - game.poker_game - ERROR - Error dealing cards: Not enough cards to deal 2 cards
2025-03-19 18:07:01 - game.poker_game - ERROR - Error dealing cards: Not enough cards to deal 2 cards
2025-03-19 18:07:01 - game.poker_game - ERROR - Error dealing cards: Not enough cards to deal 2 cards
2025-03-19 18:07:01 - game.poker_game - ERROR - Error dealing cards: Not enough cards to deal 2 cards
2025-03-19 18:07:01 - game.poker_game - ERROR - Error dealing cards: Not enough cards to deal 2 cards
2025-03-19 18:07:01 - game.poker_game - ERROR - Error dealing cards: Not enough cards to deal 2 cards
2025-03-19 18:07:01 - game.poker_game - ERROR - Error dealing cards: Not enough cards to deal 2 cards
2025-03-19 18:07:01 - game.poker_game - ERROR - Error dealing cards: Not enough cards to deal 2 cards
2025-03-19 18:07:01 - game.poker_game - ERROR - Error dealing cards: Not enough cards to deal 2 cards
2025-03-19 18:51:07 - game_service - ERROR - CHIPS ERROR: Total chips changed during blinds posting: 2100 -> 2105
2025-03-19 18:51:07 - game_service - ERROR - CHIPS CONSERVATION ERROR: Total chips changed during new hand setup: 2100 -> 2105
2025-03-19 19:06:57 - game.poker_game - ERROR - CHIPS ERROR: Total chips before (5000) does not match after (7880)
2025-03-19 19:25:42 - game.poker_game - ERROR - CHIPS ERROR: Total chips before (5000) does not match after (7980)
2025-03-19 19:33:11 - game.poker_game - ERROR - CHIPS ERROR: Total chips before (5000) does not match after (5040)
2025-03-19 19:58:52 - game.poker_game - ERROR - CHIPS ERROR: Total chips before (5000) does not match after (8000)
2025-03-19 19:58:54 - game_service - ERROR - CHIPS ERROR: Total chips changed during blinds posting: 5000 -> 5005
2025-03-19 19:58:54 - game_service - ERROR - CHIPS CONSERVATION ERROR: Total chips changed during new hand setup: 5000 -> 5005
2025-03-19 20:00:33 - game.poker_game - ERROR - CHIPS ERROR: Total chips before (5000) does not match after (7960)
2025-03-19 20:10:33 - game.poker_game - ERROR - CHIPS ERROR: Total chips before (5000) does not match after (7930)
2025-05-29 16:16:25 - utils.chip_ledger - ERROR - Chip conservation error: Expected 3000, found 2104 (players: 2004, pot: 100)
2025-05-29 16:16:25 - utils.state_manager - ERROR - ATOMIC OPERATION FAILED: pot_distribution - Chip conservation error: Expected 3000, found 2104 (players: 2004, pot: 100)
2025-05-29 16:16:25 - game.poker_game - ERROR - Error during pot distribution: Operation failed and was rolled back: Chip conservation error: Expected 3000, found 2104 (players: 2004, pot: 100)
2025-05-29 16:16:26 - comprehensive_e2e_test - ERROR - API request failed: 401 Client Error: Unauthorized for url: http://localhost:8080/api/v1/games
2025-05-29 16:16:26 - comprehensive_e2e_test - ERROR - Response: {"detail":"API key required"}
2025-05-29 16:16:27 - comprehensive_e2e_test - ERROR - API request failed: 401 Client Error: Unauthorized for url: http://localhost:8080/api/v1/games
2025-05-29 16:16:27 - comprehensive_e2e_test - ERROR - Response: {"detail":"API key required"}
2025-05-29 16:16:27 - game.poker_game - ERROR - Not enough cards to deal hole cards: need 100, have 52
2025-05-29 16:27:28 - utils.chip_ledger - ERROR - Chip conservation error: Expected 3000, found 2104 (players: 2004, pot: 100)
2025-05-29 16:27:28 - utils.state_manager - ERROR - ATOMIC OPERATION FAILED: pot_distribution - Chip conservation error: Expected 3000, found 2104 (players: 2004, pot: 100)
2025-05-29 16:27:28 - game.poker_game - ERROR - Error during pot distribution: Operation failed and was rolled back: Chip conservation error: Expected 3000, found 2104 (players: 2004, pot: 100)
2025-05-29 16:27:39 - utils.chip_ledger - ERROR - Chip conservation error: Expected 3000, found 2104 (players: 2004, pot: 100)
2025-05-29 16:27:39 - utils.state_manager - ERROR - ATOMIC OPERATION FAILED: pot_distribution - Chip conservation error: Expected 3000, found 2104 (players: 2004, pot: 100)
2025-05-29 16:27:39 - game.poker_game - ERROR - Error during pot distribution: Operation failed and was rolled back: Chip conservation error: Expected 3000, found 2104 (players: 2004, pot: 100)
2025-06-10 12:32:33 - utils.chip_ledger - ERROR - Chip conservation error: Expected 3000, found 2104 (players: 2004, pot: 100)
2025-06-10 12:32:33 - utils.state_manager - ERROR - ATOMIC OPERATION FAILED: pot_distribution - Chip conservation error: Expected 3000, found 2104 (players: 2004, pot: 100)
2025-06-10 12:32:33 - game.poker_game - ERROR - Error during pot distribution: Operation failed and was rolled back: Chip conservation error: Expected 3000, found 2104 (players: 2004, pot: 100)
2025-06-10 12:41:49 - utils.chip_ledger - ERROR - Chip conservation error: Expected 3000, found 2104 (players: 2004, pot: 100)
2025-06-10 12:41:49 - utils.state_manager - ERROR - ATOMIC OPERATION FAILED: pot_distribution - Chip conservation error: Expected 3000, found 2104 (players: 2004, pot: 100)
2025-06-10 12:41:49 - game.poker_game - ERROR - Error during pot distribution: Operation failed and was rolled back: Chip conservation error: Expected 3000, found 2104 (players: 2004, pot: 100)
2025-06-10 12:42:27 - utils.chip_ledger - ERROR - Chip conservation error: Expected 2004, found 2104 (players: 2004, pot: 100)
2025-06-10 12:42:27 - utils.state_manager - ERROR - ATOMIC OPERATION FAILED: pot_distribution - Chip conservation error: Expected 2004, found 2104 (players: 2004, pot: 100)
2025-06-10 12:42:27 - game.poker_game - ERROR - Error during pot distribution: Operation failed and was rolled back: Chip conservation error: Expected 2004, found 2104 (players: 2004, pot: 100)
2025-06-10 12:42:47 - utils.chip_ledger - ERROR - Pot distribution mismatch: pot was 100, distributed 0
2025-06-10 12:42:47 - utils.state_manager - ERROR - ATOMIC OPERATION FAILED: pot_distribution - Pot distribution mismatch: pot was 100, distributed 0
2025-06-10 12:42:47 - game.poker_game - ERROR - Error during pot distribution: Operation failed and was rolled back: Pot distribution mismatch: pot was 100, distributed 0
2025-06-10 12:43:18 - game.hand_manager - ERROR - DISTRIBUTION ERROR: Distributed 0 chips, but pot was 100
2025-06-10 12:43:18 - utils.chip_ledger - ERROR - Pot distribution mismatch: pot was 100, distributed 0
2025-06-10 12:43:18 - utils.state_manager - ERROR - ATOMIC OPERATION FAILED: pot_distribution - Pot distribution mismatch: pot was 100, distributed 0
2025-06-10 12:43:18 - game.poker_game - ERROR - Error during pot distribution: Operation failed and was rolled back: Pot distribution mismatch: pot was 100, distributed 0
2025-06-10 12:45:27 - utils.state_manager - ERROR - ATOMIC OPERATION FAILED: pot_distribution - Game consistency validation failed after pot_distribution: Too many community cards for state GameState.PRE_FLOP: expected max 0, found 5
2025-06-10 12:45:27 - game.poker_game - ERROR - Error during pot distribution: Operation failed and was rolled back: Game consistency validation failed after pot_distribution: Too many community cards for state GameState.PRE_FLOP: expected max 0, found 5
{"timestamp": "2025-06-10 15:24:51", "level": "ERROR", "logger": "test_logger", "message": "Error message", "module": "<string>", "function": "<module>", "line": 16, "correlation_id": "53466b5c-9209-41a7-b55c-d5bb885052ac", "request_context": {"test": "enhanced_logging", "feature": "correlation_tracking"}, "taskName": null, "error_code": "TEST_001"}
{"timestamp": "2025-06-10 16:42:56", "level": "ERROR", "logger": "ai.manager", "message": "Unknown personality type: conservative", "module": "ai_manager", "function": "make_decision", "line": 52, "correlation_id": "3dc564b1-bded-4126-bb3f-d0e48be47a0b", "request_context": {"method": "POST", "path": "/api/v1/games/f4962015-b454-42fe-8c0c-66d8aaf3539b/actions", "client_ip": "127.0.0.1", "user_agent": "axios/1.7.9"}, "taskName": "starlette.middleware.base.BaseHTTPMiddleware.__call__.<locals>.call_next.<locals>.coro"}
{"timestamp": "2025-06-10 16:42:56", "level": "ERROR", "logger": "game_service", "message": "Error processing action: Unknown personality type: conservative", "module": "game_service", "function": "process_action", "line": 423, "correlation_id": "3dc564b1-bded-4126-bb3f-d0e48be47a0b", "request_context": {"method": "POST", "path": "/api/v1/games/f4962015-b454-42fe-8c0c-66d8aaf3539b/actions", "client_ip": "127.0.0.1", "user_agent": "axios/1.7.9"}, "taskName": "starlette.middleware.base.BaseHTTPMiddleware.__call__.<locals>.call_next.<locals>.coro"}
{"timestamp": "2025-06-10 16:42:56", "level": "ERROR", "logger": "api", "message": "Request failed: POST /api/v1/games/f4962015-b454-42fe-8c0c-66d8aaf3539b/actions - Error: unhandled errors in a TaskGroup (1 sub-exception)", "module": "api", "function": "dispatch", "line": 143, "correlation_id": "3dc564b1-bded-4126-bb3f-d0e48be47a0b", "request_context": {"method": "POST", "path": "/api/v1/games/f4962015-b454-42fe-8c0c-66d8aaf3539b/actions", "client_ip": "127.0.0.1", "user_agent": "axios/1.7.9"}, "exception": "Traceback (most recent call last):\n  File \"/opt/anaconda3/lib/python3.12/site-packages/anyio/streams/memory.py\", line 97, in receive\n    return self.receive_nowait()\n           ^^^^^^^^^^^^^^^^^^^^^\n  File \"/opt/anaconda3/lib/python3.12/site-packages/anyio/streams/memory.py\", line 92, in receive_nowait\n    raise WouldBlock\nanyio.WouldBlock\n\nDuring handling of the above exception, another exception occurred:\n\nTraceback (most recent call last):\n  File \"/opt/anaconda3/lib/python3.12/site-packages/starlette/middleware/base.py\", line 43, in call_next\n    message = await recv_stream.receive()\n              ^^^^^^^^^^^^^^^^^^^^^^^^^^^\n  File \"/opt/anaconda3/lib/python3.12/site-packages/anyio/streams/memory.py\", line 112, in receive\n    raise EndOfStream\nanyio.EndOfStream\n\nDuring handling of the above exception, another exception occurred:\n\n  + Exception Group Traceback (most recent call last):\n  |   File \"/Users/sandeepmangaraj/myworkspace/Utilities/Games/poker-learning-app/backend/api.py\", line 132, in dispatch\n  |     response = await call_next(request)\n  |                ^^^^^^^^^^^^^^^^^^^^^^^^\n  |   File \"/opt/anaconda3/lib/python3.12/site-packages/starlette/middleware/base.py\", line 46, in call_next\n  |     raise app_exc\n  |   File \"/opt/anaconda3/lib/python3.12/site-packages/starlette/middleware/base.py\", line 36, in coro\n  |     await self.app(scope, request.receive, send_stream.send)\n  |   File \"/opt/anaconda3/lib/python3.12/site-packages/starlette/middleware/base.py\", line 70, in __call__\n  |     async with anyio.create_task_group() as task_group:\n  |   File \"/opt/anaconda3/lib/python3.12/site-packages/anyio/_backends/_asyncio.py\", line 678, in __aexit__\n  |     raise BaseExceptionGroup(\n  | ExceptionGroup: unhandled errors in a TaskGroup (1 sub-exception)\n  +-+---------------- 1 ----------------\n    | Traceback (most recent call last):\n    |   File \"/opt/anaconda3/lib/python3.12/site-packages/anyio/streams/memory.py\", line 97, in receive\n    |     return self.receive_nowait()\n    |            ^^^^^^^^^^^^^^^^^^^^^\n    |   File \"/opt/anaconda3/lib/python3.12/site-packages/anyio/streams/memory.py\", line 92, in receive_nowait\n    |     raise WouldBlock\n    | anyio.WouldBlock\n    | \n    | During handling of the above exception, another exception occurred:\n    | \n    | Traceback (most recent call last):\n    |   File \"/opt/anaconda3/lib/python3.12/site-packages/starlette/middleware/base.py\", line 43, in call_next\n    |     message = await recv_stream.receive()\n    |               ^^^^^^^^^^^^^^^^^^^^^^^^^^^\n    |   File \"/opt/anaconda3/lib/python3.12/site-packages/anyio/streams/memory.py\", line 112, in receive\n    |     raise EndOfStream\n    | anyio.EndOfStream\n    | \n    | During handling of the above exception, another exception occurred:\n    | \n    | Traceback (most recent call last):\n    |   File \"/opt/anaconda3/lib/python3.12/site-packages/starlette/middleware/base.py\", line 72, in __call__\n    |     response = await self.dispatch_func(request, call_next)\n    |                ^^^^^^^^^^^^^^^^^^^^^^^^^^^^^^^^^^^^^^^^^^^^\n    |   File \"/Users/sandeepmangaraj/myworkspace/Utilities/Games/poker-learning-app/backend/api.py\", line 92, in dispatch\n    |     return await call_next(request)\n    |            ^^^^^^^^^^^^^^^^^^^^^^^^\n    |   File \"/opt/anaconda3/lib/python3.12/site-packages/starlette/middleware/base.py\", line 46, in call_next\n    |     raise app_exc\n    |   File \"/opt/anaconda3/lib/python3.12/site-packages/starlette/middleware/base.py\", line 36, in coro\n    |     await self.app(scope, request.receive, send_stream.send)\n    |   File \"/opt/anaconda3/lib/python3.12/site-packages/starlette/middleware/cors.py\", line 84, in __call__\n    |     await self.app(scope, receive, send)\n    |   File \"/opt/anaconda3/lib/python3.12/site-packages/starlette/middleware/exceptions.py\", line 75, in __call__\n    |     raise exc\n    |   File \"/opt/anaconda3/lib/python3.12/site-packages/starlette/middleware/exceptions.py\", line 64, in __call__\n    |     await self.app(scope, receive, sender)\n    |   File \"/opt/anaconda3/lib/python3.12/site-packages/fastapi/middleware/asyncexitstack.py\", line 21, in __call__\n    |     raise e\n    |   File \"/opt/anaconda3/lib/python3.12/site-packages/fastapi/middleware/asyncexitstack.py\", line 18, in __call__\n    |     await self.app(scope, receive, send)\n    |   File \"/opt/anaconda3/lib/python3.12/site-packages/starlette/routing.py\", line 680, in __call__\n    |     await route.handle(scope, receive, send)\n    |   File \"/opt/anaconda3/lib/python3.12/site-packages/starlette/routing.py\", line 275, in handle\n    |     await self.app(scope, receive, send)\n    |   File \"/opt/anaconda3/lib/python3.12/site-packages/starlette/routing.py\", line 65, in app\n    |     response = await func(request)\n    |                ^^^^^^^^^^^^^^^^^^^\n    |   File \"/opt/anaconda3/lib/python3.12/site-packages/fastapi/routing.py\", line 231, in app\n    |     raw_response = await run_endpoint_function(\n    |                    ^^^^^^^^^^^^^^^^^^^^^^^^^^^^\n    |   File \"/opt/anaconda3/lib/python3.12/site-packages/fastapi/routing.py\", line 160, in run_endpoint_function\n    |     return await dependant.call(**values)\n    |            ^^^^^^^^^^^^^^^^^^^^^^^^^^^^^^\n    |   File \"/Users/sandeepmangaraj/myworkspace/Utilities/Games/poker-learning-app/backend/routers/games.py\", line 52, in player_action\n    |     return game_service.process_action(\n    |            ^^^^^^^^^^^^^^^^^^^^^^^^^^^^\n    |   File \"/Users/sandeepmangaraj/myworkspace/Utilities/Games/poker-learning-app/backend/utils/performance.py\", line 238, in wrapper\n    |     result = func(*args, **kwargs)\n    |              ^^^^^^^^^^^^^^^^^^^^^\n    |   File \"/Users/sandeepmangaraj/myworkspace/Utilities/Games/poker-learning-app/backend/services/game_service.py\", line 332, in process_action\n    |     self._process_ai_actions(poker_game)\n    |   File \"/Users/sandeepmangaraj/myworkspace/Utilities/Games/poker-learning-app/backend/services/game_service.py\", line 452, in _process_ai_actions\n    |     decision = player.make_decision(\n    |                ^^^^^^^^^^^^^^^^^^^^^\n    |   File \"/Users/sandeepmangaraj/myworkspace/Utilities/Games/poker-learning-app/backend/models/player.py\", line 171, in make_decision\n    |     return AIDecisionMaker.make_decision(\n    |            ^^^^^^^^^^^^^^^^^^^^^^^^^^^^^^\n    |   File \"/Users/sandeepmangaraj/myworkspace/Utilities/Games/poker-learning-app/backend/ai/ai_manager.py\", line 53, in make_decision\n    |     raise ValueError(f\"Unknown personality type: {personality}\")\n    | ValueError: Unknown personality type: conservative\n    +------------------------------------", "taskName": "Task-33"}
{"timestamp": "2025-06-10 17:56:25", "level": "ERROR", "logger": "ai.manager", "message": "Unknown personality type: conservative", "module": "ai_manager", "function": "make_decision", "line": 52, "correlation_id": "c9760858-543b-43c0-8238-f21a9987b499", "request_context": {"method": "POST", "path": "/api/v1/games/60b81bae-2525-4caa-a043-02e9618b0222/actions", "client_ip": "127.0.0.1", "user_agent": "curl/8.7.1"}, "taskName": "starlette.middleware.base.BaseHTTPMiddleware.__call__.<locals>.call_next.<locals>.coro"}
{"timestamp": "2025-06-10 17:56:25", "level": "ERROR", "logger": "game_service", "message": "Error processing action: Unknown personality type: conservative", "module": "game_service", "function": "process_action", "line": 423, "correlation_id": "c9760858-543b-43c0-8238-f21a9987b499", "request_context": {"method": "POST", "path": "/api/v1/games/60b81bae-2525-4caa-a043-02e9618b0222/actions", "client_ip": "127.0.0.1", "user_agent": "curl/8.7.1"}, "taskName": "starlette.middleware.base.BaseHTTPMiddleware.__call__.<locals>.call_next.<locals>.coro"}
{"timestamp": "2025-06-10 17:56:25", "level": "ERROR", "logger": "api", "message": "Request failed: POST /api/v1/games/60b81bae-2525-4caa-a043-02e9618b0222/actions - Error: Unknown personality type: conservative", "module": "api", "function": "dispatch", "line": 143, "correlation_id": "c9760858-543b-43c0-8238-f21a9987b499", "request_context": {"method": "POST", "path": "/api/v1/games/60b81bae-2525-4caa-a043-02e9618b0222/actions", "client_ip": "127.0.0.1", "user_agent": "curl/8.7.1"}, "exception": "Traceback (most recent call last):\n  File \"/Users/sandeepmangaraj/myworkspace/Utilities/Games/poker-learning-app/backend/venv/lib/python3.12/site-packages/anyio/streams/memory.py\", line 111, in receive\n    return self.receive_nowait()\n           ^^^^^^^^^^^^^^^^^^^^^\n  File \"/Users/sandeepmangaraj/myworkspace/Utilities/Games/poker-learning-app/backend/venv/lib/python3.12/site-packages/anyio/streams/memory.py\", line 106, in receive_nowait\n    raise WouldBlock\nanyio.WouldBlock\n\nDuring handling of the above exception, another exception occurred:\n\nTraceback (most recent call last):\n  File \"/Users/sandeepmangaraj/myworkspace/Utilities/Games/poker-learning-app/backend/venv/lib/python3.12/site-packages/anyio/streams/memory.py\", line 124, in receive\n    return receiver.item\n           ^^^^^^^^^^^^^\nAttributeError: 'MemoryObjectItemReceiver' object has no attribute 'item'\n\nDuring handling of the above exception, another exception occurred:\n\nTraceback (most recent call last):\n  File \"/Users/sandeepmangaraj/myworkspace/Utilities/Games/poker-learning-app/backend/venv/lib/python3.12/site-packages/starlette/middleware/base.py\", line 147, in call_next\n    message = await recv_stream.receive()\n              ^^^^^^^^^^^^^^^^^^^^^^^^^^^\n  File \"/Users/sandeepmangaraj/myworkspace/Utilities/Games/poker-learning-app/backend/venv/lib/python3.12/site-packages/anyio/streams/memory.py\", line 126, in receive\n    raise EndOfStream\nanyio.EndOfStream\n\nDuring handling of the above exception, another exception occurred:\n\nTraceback (most recent call last):\n  File \"/Users/sandeepmangaraj/myworkspace/Utilities/Games/poker-learning-app/backend/api.py\", line 132, in dispatch\n    response = await call_next(request)\n               ^^^^^^^^^^^^^^^^^^^^^^^^\n  File \"/Users/sandeepmangaraj/myworkspace/Utilities/Games/poker-learning-app/backend/venv/lib/python3.12/site-packages/starlette/middleware/base.py\", line 153, in call_next\n    raise app_exc\n  File \"/Users/sandeepmangaraj/myworkspace/Utilities/Games/poker-learning-app/backend/venv/lib/python3.12/site-packages/starlette/middleware/base.py\", line 140, in coro\n    await self.app(scope, receive_or_disconnect, send_no_error)\n  File \"/Users/sandeepmangaraj/myworkspace/Utilities/Games/poker-learning-app/backend/venv/lib/python3.12/site-packages/starlette/middleware/base.py\", line 173, in __call__\n    with recv_stream, send_stream, collapse_excgroups():\n  File \"/opt/anaconda3/lib/python3.12/contextlib.py\", line 158, in __exit__\n    self.gen.throw(value)\n  File \"/Users/sandeepmangaraj/myworkspace/Utilities/Games/poker-learning-app/backend/venv/lib/python3.12/site-packages/starlette/_utils.py\", line 82, in collapse_excgroups\n    raise exc\n  File \"/Users/sandeepmangaraj/myworkspace/Utilities/Games/poker-learning-app/backend/venv/lib/python3.12/site-packages/starlette/middleware/base.py\", line 175, in __call__\n    response = await self.dispatch_func(request, call_next)\n               ^^^^^^^^^^^^^^^^^^^^^^^^^^^^^^^^^^^^^^^^^^^^\n  File \"/Users/sandeepmangaraj/myworkspace/Utilities/Games/poker-learning-app/backend/api.py\", line 92, in dispatch\n    return await call_next(request)\n           ^^^^^^^^^^^^^^^^^^^^^^^^\n  File \"/Users/sandeepmangaraj/myworkspace/Utilities/Games/poker-learning-app/backend/venv/lib/python3.12/site-packages/starlette/middleware/base.py\", line 153, in call_next\n    raise app_exc\n  File \"/Users/sandeepmangaraj/myworkspace/Utilities/Games/poker-learning-app/backend/venv/lib/python3.12/site-packages/starlette/middleware/base.py\", line 140, in coro\n    await self.app(scope, receive_or_disconnect, send_no_error)\n  File \"/Users/sandeepmangaraj/myworkspace/Utilities/Games/poker-learning-app/backend/venv/lib/python3.12/site-packages/starlette/middleware/cors.py\", line 85, in __call__\n    await self.app(scope, receive, send)\n  File \"/Users/sandeepmangaraj/myworkspace/Utilities/Games/poker-learning-app/backend/venv/lib/python3.12/site-packages/starlette/middleware/exceptions.py\", line 62, in __call__\n    await wrap_app_handling_exceptions(self.app, conn)(scope, receive, send)\n  File \"/Users/sandeepmangaraj/myworkspace/Utilities/Games/poker-learning-app/backend/venv/lib/python3.12/site-packages/starlette/_exception_handler.py\", line 53, in wrapped_app\n    raise exc\n  File \"/Users/sandeepmangaraj/myworkspace/Utilities/Games/poker-learning-app/backend/venv/lib/python3.12/site-packages/starlette/_exception_handler.py\", line 42, in wrapped_app\n    await app(scope, receive, sender)\n  File \"/Users/sandeepmangaraj/myworkspace/Utilities/Games/poker-learning-app/backend/venv/lib/python3.12/site-packages/starlette/routing.py\", line 714, in __call__\n    await self.middleware_stack(scope, receive, send)\n  File \"/Users/sandeepmangaraj/myworkspace/Utilities/Games/poker-learning-app/backend/venv/lib/python3.12/site-packages/starlette/routing.py\", line 734, in app\n    await route.handle(scope, receive, send)\n  File \"/Users/sandeepmangaraj/myworkspace/Utilities/Games/poker-learning-app/backend/venv/lib/python3.12/site-packages/starlette/routing.py\", line 288, in handle\n    await self.app(scope, receive, send)\n  File \"/Users/sandeepmangaraj/myworkspace/Utilities/Games/poker-learning-app/backend/venv/lib/python3.12/site-packages/starlette/routing.py\", line 76, in app\n    await wrap_app_handling_exceptions(app, request)(scope, receive, send)\n  File \"/Users/sandeepmangaraj/myworkspace/Utilities/Games/poker-learning-app/backend/venv/lib/python3.12/site-packages/starlette/_exception_handler.py\", line 53, in wrapped_app\n    raise exc\n  File \"/Users/sandeepmangaraj/myworkspace/Utilities/Games/poker-learning-app/backend/venv/lib/python3.12/site-packages/starlette/_exception_handler.py\", line 42, in wrapped_app\n    await app(scope, receive, sender)\n  File \"/Users/sandeepmangaraj/myworkspace/Utilities/Games/poker-learning-app/backend/venv/lib/python3.12/site-packages/starlette/routing.py\", line 73, in app\n    response = await f(request)\n               ^^^^^^^^^^^^^^^^\n  File \"/Users/sandeepmangaraj/myworkspace/Utilities/Games/poker-learning-app/backend/venv/lib/python3.12/site-packages/fastapi/routing.py\", line 301, in app\n    raw_response = await run_endpoint_function(\n                   ^^^^^^^^^^^^^^^^^^^^^^^^^^^^\n  File \"/Users/sandeepmangaraj/myworkspace/Utilities/Games/poker-learning-app/backend/venv/lib/python3.12/site-packages/fastapi/routing.py\", line 212, in run_endpoint_function\n    return await dependant.call(**values)\n           ^^^^^^^^^^^^^^^^^^^^^^^^^^^^^^\n  File \"/Users/sandeepmangaraj/myworkspace/Utilities/Games/poker-learning-app/backend/routers/games.py\", line 52, in player_action\n    return game_service.process_action(\n           ^^^^^^^^^^^^^^^^^^^^^^^^^^^^\n  File \"/Users/sandeepmangaraj/myworkspace/Utilities/Games/poker-learning-app/backend/utils/performance.py\", line 238, in wrapper\n    result = func(*args, **kwargs)\n             ^^^^^^^^^^^^^^^^^^^^^\n  File \"/Users/sandeepmangaraj/myworkspace/Utilities/Games/poker-learning-app/backend/services/game_service.py\", line 332, in process_action\n    self._process_ai_actions(poker_game)\n  File \"/Users/sandeepmangaraj/myworkspace/Utilities/Games/poker-learning-app/backend/services/game_service.py\", line 452, in _process_ai_actions\n    decision = player.make_decision(\n               ^^^^^^^^^^^^^^^^^^^^^\n  File \"/Users/sandeepmangaraj/myworkspace/Utilities/Games/poker-learning-app/backend/models/player.py\", line 171, in make_decision\n    return AIDecisionMaker.make_decision(\n           ^^^^^^^^^^^^^^^^^^^^^^^^^^^^^^\n  File \"/Users/sandeepmangaraj/myworkspace/Utilities/Games/poker-learning-app/backend/ai/ai_manager.py\", line 53, in make_decision\n    raise ValueError(f\"Unknown personality type: {personality}\")\nValueError: Unknown personality type: conservative", "taskName": "Task-60"}
